 (0,0): [10/30/2018 10:20:34.529 AM] Unity incremental compiler server
 (0,0): [10/30/2018 10:20:34.698 AM] watchdog active on pid: 7436
 (0,0): [10/30/2018 10:20:35.201 AM] Unity.TextMeshPro.dll: no prior compilation found in cache. Caller PID: 7436
 (0,0): [10/30/2018 10:20:35.216 AM] Unity.TextMeshPro.dll compiling...
 (0,0): [10/30/2018 10:20:35.221 AM] Unity.Burst.dll: no prior compilation found in cache. Caller PID: 7436
 (0,0): [10/30/2018 10:20:35.232 AM] Unity.Burst.dll compiling...
 (0,0): [10/30/2018 10:20:35.258 AM] Unity.Mathematics.dll: no prior compilation found in cache. Caller PID: 7436
 (0,0): [10/30/2018 10:20:35.269 AM] Unity.Mathematics.dll compiling...
 (0,0): [10/30/2018 10:20:35.379 AM] Unity.CollabProxy.Editor.dll: no prior compilation found in cache. Caller PID: 7436
 (0,0): [10/30/2018 10:20:35.390 AM] Unity.CollabProxy.Editor.dll compiling...
 (0,0): [10/30/2018 10:20:35.538 AM] Cinemachine.dll: no prior compilation found in cache. Caller PID: 7436
 (0,0): [10/30/2018 10:20:35.549 AM] Cinemachine.dll compiling...
 (0,0): [10/30/2018 10:20:35.598 AM] Zosimos.Chatroom.Grpc.dll: no prior compilation found in cache. Caller PID: 7436
 (0,0): [10/30/2018 10:20:35.611 AM] Zosimos.Chatroom.Grpc.dll compiling...
 (0,0): [10/30/2018 10:20:35.657 AM] Unity.PackageManagerUI.Editor.dll: no prior compilation found in cache. Caller PID: 7436
 (0,0): [10/30/2018 10:20:35.668 AM] Unity.PackageManagerUI.Editor.dll compiling...
 (0,0): [10/30/2018 10:20:35.775 AM] Unity.Properties.dll: no prior compilation found in cache. Caller PID: 7436
 (0,0): [10/30/2018 10:20:35.786 AM] Unity.Properties.dll compiling...
 (0,0): [10/30/2018 10:20:37.331 AM] Unity.Burst.dll: emitting IL to : /Users/armariya/Developer/grpc/cheirokmeta/examples/chatroom/client/Chatroom/Temp/Unity.Burst.dll
 (0,0): [10/30/2018 10:20:37.331 AM] Unity.CollabProxy.Editor.dll: emitting IL to : /Users/armariya/Developer/grpc/cheirokmeta/examples/chatroom/client/Chatroom/Temp/Unity.CollabProxy.Editor.dll
 (0,0): [10/30/2018 10:20:37.332 AM] Unity.PackageManagerUI.Editor.dll: emitting IL to : /Users/armariya/Developer/grpc/cheirokmeta/examples/chatroom/client/Chatroom/Temp/Unity.PackageManagerUI.Editor.dll
 (0,0): [10/30/2018 10:20:37.332 AM] Unity.Properties.dll: emitting IL to : /Users/armariya/Developer/grpc/cheirokmeta/examples/chatroom/client/Chatroom/Temp/Unity.Properties.dll
 (0,0): [10/30/2018 10:20:37.332 AM] Zosimos.Chatroom.Grpc.dll: emitting IL to : /Users/armariya/Developer/grpc/cheirokmeta/examples/chatroom/client/Chatroom/Temp/Zosimos.Chatroom.Grpc.dll
 (0,0): [10/30/2018 10:20:37.398 AM] Zosimos.Chatroom.Grpc.dll compilation finished in 1787ms  source files re-parsed: 3 metadata reloaded: 0
 (0,0): [10/30/2018 10:20:37.398 AM] Unity.PackageManagerUI.Editor.dll compilation finished in 1730ms  source files re-parsed: 52 metadata reloaded: 0
 (0,0): [10/30/2018 10:20:37.398 AM] Unity.CollabProxy.Editor.dll compilation finished in 2008ms  source files re-parsed: 17 metadata reloaded: 120
 (0,0): [10/30/2018 10:20:37.398 AM] Unity.Properties.dll compilation finished in 1612ms  source files re-parsed: 34 metadata reloaded: 0
 (0,0): [10/30/2018 10:20:37.410 AM] Zosimos.Chatroom.Grpc.dll: session status updated to IncrementalCompilationStatus.Finished for Caller PID: 7436
 (0,0): [10/30/2018 10:20:37.410 AM] Unity.PackageManagerUI.Editor.dll: session status updated to IncrementalCompilationStatus.Finished for Caller PID: 7436
 (0,0): [10/30/2018 10:20:37.398 AM] Unity.Burst.dll compilation finished in 2165ms  source files re-parsed: 3 metadata reloaded: 206
 (0,0): [10/30/2018 10:20:37.421 AM] Unity.Properties.dll: session status updated to IncrementalCompilationStatus.Finished for Caller PID: 7436
 (0,0): [10/30/2018 10:20:37.410 AM] Unity.CollabProxy.Editor.dll: session status updated to IncrementalCompilationStatus.Finished for Caller PID: 7436
 (0,0): [10/30/2018 10:20:37.432 AM] Unity.Burst.dll: session status updated to IncrementalCompilationStatus.Finished for Caller PID: 7436
 (0,0): [10/30/2018 10:20:37.483 AM] Cinemachine.dll: emitting IL to : /Users/armariya/Developer/grpc/cheirokmeta/examples/chatroom/client/Chatroom/Temp/Cinemachine.dll
 (0,0): [10/30/2018 10:20:37.513 AM] Cinemachine.dll compilation finished in 1963ms  source files re-parsed: 62 metadata reloaded: 0
 (0,0): [10/30/2018 10:20:37.530 AM] Cinemachine.dll: session status updated to IncrementalCompilationStatus.Finished for Caller PID: 7436
 (0,0): [10/30/2018 10:20:37.557 AM] Unity.Analytics.Android.Editor.dll: no prior compilation found in cache. Caller PID: 7436
 (0,0): [10/30/2018 10:20:37.569 AM] Unity.Analytics.Android.Editor.dll compiling...
 (0,0): [10/30/2018 10:20:37.609 AM] Unity.Analytics.Android.Editor.dll: emitting IL to : /Users/armariya/Developer/grpc/cheirokmeta/examples/chatroom/client/Chatroom/Temp/Unity.Analytics.Android.Editor.dll
 (0,0): [10/30/2018 10:20:37.621 AM] Unity.Analytics.Android.Editor.dll compilation finished in 52ms  source files re-parsed: 1 metadata reloaded: 0
 (0,0): [10/30/2018 10:20:37.635 AM] Unity.Analytics.Android.Editor.dll: session status updated to IncrementalCompilationStatus.Finished for Caller PID: 7436
 (0,0): [10/30/2018 10:20:37.907 AM] Unity.TextMeshPro.dll: emitting IL to : /Users/armariya/Developer/grpc/cheirokmeta/examples/chatroom/client/Chatroom/Temp/Unity.TextMeshPro.dll
 (0,0): [10/30/2018 10:20:37.935 AM] Unity.TextMeshPro.dll compilation finished in 2719ms  source files re-parsed: 45 metadata reloaded: 208
 (0,0): [10/30/2018 10:20:37.948 AM] Unity.TextMeshPro.dll: session status updated to IncrementalCompilationStatus.Finished for Caller PID: 7436
 (0,0): [10/30/2018 10:20:38.108 AM] Zosimos.Chatroom.Scripts.dll: no prior compilation found in cache. Caller PID: 7436
 (0,0): [10/30/2018 10:20:38.120 AM] Zosimos.Chatroom.Scripts.dll compiling...
 (0,0): [10/30/2018 10:20:38.204 AM] Unity.Properties.Editor.dll: no prior compilation found in cache. Caller PID: 7436
 (0,0): [10/30/2018 10:20:38.215 AM] Unity.Properties.Editor.dll compiling...
 (0,0): [10/30/2018 10:20:38.260 AM] Zosimos.Chatroom.Scripts.dll: emitting IL to : /Users/armariya/Developer/grpc/cheirokmeta/examples/chatroom/client/Chatroom/Temp/Zosimos.Chatroom.Scripts.dll
 (0,0): [10/30/2018 10:20:38.288 AM] Zosimos.Chatroom.Scripts.dll compilation finished in 167ms  source files re-parsed: 2 metadata reloaded: 1
 (0,0): [10/30/2018 10:20:38.304 AM] Zosimos.Chatroom.Scripts.dll: session status updated to IncrementalCompilationStatus.Finished for Caller PID: 7436
 (0,0): [10/30/2018 10:20:38.312 AM] Unity.Properties.Codegen.dll: no prior compilation found in cache. Caller PID: 7436
 (0,0): [10/30/2018 10:20:38.324 AM] Unity.Properties.Codegen.dll compiling...
 (0,0): [10/30/2018 10:20:38.406 AM] Unity.Properties.Codegen.dll: emitting IL to : /Users/armariya/Developer/grpc/cheirokmeta/examples/chatroom/client/Chatroom/Temp/Unity.Properties.Codegen.dll
 (0,0): [10/30/2018 10:20:38.407 AM] Unity.Burst.Editor.dll: no prior compilation found in cache. Caller PID: 7436
 (0,0): [10/30/2018 10:20:38.418 AM] Unity.Burst.Editor.dll compiling...
 (0,0): [10/30/2018 10:20:38.419 AM] Unity.Properties.Editor.dll: emitting IL to : /Users/armariya/Developer/grpc/cheirokmeta/examples/chatroom/client/Chatroom/Temp/Unity.Properties.Editor.dll
 (0,0): [10/30/2018 10:20:38.420 AM] Unity.Properties.Codegen.dll compilation finished in 96ms  source files re-parsed: 7 metadata reloaded: 0
 (0,0): [10/30/2018 10:20:38.431 AM] Unity.Properties.Codegen.dll: session status updated to IncrementalCompilationStatus.Finished for Caller PID: 7436
 (0,0): [10/30/2018 10:20:38.433 AM] Unity.Properties.Editor.dll compilation finished in 218ms  source files re-parsed: 23 metadata reloaded: 1
 (0,0): [10/30/2018 10:20:38.444 AM] Unity.Properties.Editor.dll: session status updated to IncrementalCompilationStatus.Finished for Caller PID: 7436
 (0,0): [10/30/2018 10:20:38.509 AM] com.unity.cinemachine.editor.dll: no prior compilation found in cache. Caller PID: 7436
 (0,0): [10/30/2018 10:20:38.520 AM] com.unity.cinemachine.editor.dll compiling...
 (0,0): [10/30/2018 10:20:38.522 AM] Unity.Burst.Editor.dll: emitting IL to : /Users/armariya/Developer/grpc/cheirokmeta/examples/chatroom/client/Chatroom/Temp/Unity.Burst.Editor.dll
 (0,0): [10/30/2018 10:20:38.550 AM] Unity.Burst.Editor.dll compilation finished in 132ms  source files re-parsed: 10 metadata reloaded: 1
 (0,0): [10/30/2018 10:20:38.566 AM] Unity.Burst.Editor.dll: session status updated to IncrementalCompilationStatus.Finished for Caller PID: 7436
 (0,0): [10/30/2018 10:20:38.625 AM] Unity.TextMeshPro.Editor.dll: no prior compilation found in cache. Caller PID: 7436
 (0,0): [10/30/2018 10:20:38.638 AM] Unity.TextMeshPro.Editor.dll compiling...
 (0,0): [10/30/2018 10:20:38.890 AM] com.unity.cinemachine.editor.dll: emitting IL to : /Users/armariya/Developer/grpc/cheirokmeta/examples/chatroom/client/Chatroom/Temp/com.unity.cinemachine.editor.dll
 (0,0): [10/30/2018 10:20:38.909 AM] com.unity.cinemachine.editor.dll compilation finished in 388ms  source files re-parsed: 60 metadata reloaded: 1
 (0,0): [10/30/2018 10:20:38.921 AM] com.unity.cinemachine.editor.dll: session status updated to IncrementalCompilationStatus.Finished for Caller PID: 7436
 (0,0): [10/30/2018 10:20:38.967 AM] Unity.TextMeshPro.Editor.dll: emitting IL to : /Users/armariya/Developer/grpc/cheirokmeta/examples/chatroom/client/Chatroom/Temp/Unity.TextMeshPro.Editor.dll
 (0,0): [10/30/2018 10:20:38.979 AM] Unity.TextMeshPro.Editor.dll compilation finished in 341ms  source files re-parsed: 40 metadata reloaded: 1
 (0,0): [10/30/2018 10:20:38.990 AM] Unity.TextMeshPro.Editor.dll: session status updated to IncrementalCompilationStatus.Finished for Caller PID: 7436
 (0,0): [10/30/2018 10:20:39.411 AM] Unity.Mathematics.dll: emitting IL to : /Users/armariya/Developer/grpc/cheirokmeta/examples/chatroom/client/Chatroom/Temp/Unity.Mathematics.dll
 (0,0): [10/30/2018 10:20:39.433 AM] Unity.Mathematics.dll compilation finished in 4164ms  source files re-parsed: 82 metadata reloaded: 106
 (0,0): [10/30/2018 10:20:39.444 AM] Unity.Mathematics.dll: session status updated to IncrementalCompilationStatus.Finished for Caller PID: 7436
 (0,0): [10/30/2018 10:20:39.603 AM] Unity.Collections.dll: no prior compilation found in cache. Caller PID: 7436
 (0,0): [10/30/2018 10:20:39.615 AM] Unity.Collections.dll compiling...
 (0,0): [10/30/2018 10:20:39.703 AM] Unity.Collections.dll: emitting IL to : /Users/armariya/Developer/grpc/cheirokmeta/examples/chatroom/client/Chatroom/Temp/Unity.Collections.dll
 (0,0): [10/30/2018 10:20:39.708 AM] Unity.Mathematics.Editor.dll: no prior compilation found in cache. Caller PID: 7436
 (0,0): [10/30/2018 10:20:39.716 AM] Unity.Collections.dll compilation finished in 101ms  source files re-parsed: 12 metadata reloaded: 1
 (0,0): [10/30/2018 10:20:39.720 AM] Unity.Mathematics.Editor.dll compiling...
 (0,0): [10/30/2018 10:20:39.728 AM] Unity.Collections.dll: session status updated to IncrementalCompilationStatus.Finished for Caller PID: 7436
 (0,0): [10/30/2018 10:20:39.779 AM] Unity.Mathematics.Editor.dll: emitting IL to : /Users/armariya/Developer/grpc/cheirokmeta/examples/chatroom/client/Chatroom/Temp/Unity.Mathematics.Editor.dll
 (0,0): [10/30/2018 10:20:39.791 AM] Unity.Mathematics.Editor.dll compilation finished in 71ms  source files re-parsed: 4 metadata reloaded: 0
 (0,0): [10/30/2018 10:20:39.801 AM] Unity.Mathematics.Editor.dll: session status updated to IncrementalCompilationStatus.Finished for Caller PID: 7436
 (0,0): [10/30/2018 10:20:39.875 AM] Unity.Entities.dll: no prior compilation found in cache. Caller PID: 7436
 (0,0): [10/30/2018 10:20:39.885 AM] Unity.Entities.dll compiling...
 (0,0): [10/30/2018 10:20:39.996 AM] Unity.Jobs.dll: no prior compilation found in cache. Caller PID: 7436
 (0,0): [10/30/2018 10:20:40.007 AM] Unity.Jobs.dll compiling...
 (0,0): [10/30/2018 10:20:40.119 AM] Unity.Jobs.dll: emitting IL to : /Users/armariya/Developer/grpc/cheirokmeta/examples/chatroom/client/Chatroom/Temp/Unity.Jobs.dll
 (0,0): [10/30/2018 10:20:40.131 AM] Unity.Jobs.dll compilation finished in 124ms  source files re-parsed: 3 metadata reloaded: 0
 (0,0): [10/30/2018 10:20:40.142 AM] Unity.Jobs.dll: session status updated to IncrementalCompilationStatus.Finished for Caller PID: 7436
 (0,0): [10/30/2018 10:20:40.192 AM] Unity.Entities.dll: emitting IL to : /Users/armariya/Developer/grpc/cheirokmeta/examples/chatroom/client/Chatroom/Temp/Unity.Entities.dll
 (0,0): [10/30/2018 10:20:40.206 AM] Unity.Entities.dll compilation finished in 320ms  source files re-parsed: 58 metadata reloaded: 1
 (0,0): [10/30/2018 10:20:40.216 AM] Unity.Entities.dll: session status updated to IncrementalCompilationStatus.Finished for Caller PID: 7436
 (0,0): [10/30/2018 10:20:40.289 AM] Unity.Jobs.Editor.dll: no prior compilation found in cache. Caller PID: 7436
 (0,0): [10/30/2018 10:20:40.300 AM] Unity.Jobs.Editor.dll compiling...
 (0,0): [10/30/2018 10:20:40.324 AM] Unity.Jobs.Editor.dll: emitting IL to : /Users/armariya/Developer/grpc/cheirokmeta/examples/chatroom/client/Chatroom/Temp/Unity.Jobs.Editor.dll
 (0,0): [10/30/2018 10:20:40.336 AM] Unity.Jobs.Editor.dll compilation finished in 35ms  source files re-parsed: 1 metadata reloaded: 1
 (0,0): [10/30/2018 10:20:40.347 AM] Unity.Jobs.Editor.dll: session status updated to IncrementalCompilationStatus.Finished for Caller PID: 7436
 (0,0): [10/30/2018 10:20:40.397 AM] Unity.Entities.Hybrid.dll: no prior compilation found in cache. Caller PID: 7436
 (0,0): [10/30/2018 10:20:40.408 AM] Unity.Entities.Hybrid.dll compiling...
 (0,0): [10/30/2018 10:20:40.459 AM] Unity.Entities.Hybrid.dll: emitting IL to : /Users/armariya/Developer/grpc/cheirokmeta/examples/chatroom/client/Chatroom/Temp/Unity.Entities.Hybrid.dll
 (0,0): [10/30/2018 10:20:40.472 AM] Unity.Entities.Hybrid.dll compilation finished in 64ms  source files re-parsed: 12 metadata reloaded: 1
 (0,0): [10/30/2018 10:20:40.483 AM] Unity.Entities.Hybrid.dll: session status updated to IncrementalCompilationStatus.Finished for Caller PID: 7436
 (0,0): [10/30/2018 10:20:40.702 AM] Unity.Transforms.dll: no prior compilation found in cache. Caller PID: 7436
 (0,0): [10/30/2018 10:20:40.713 AM] Unity.Transforms.dll compiling...
 (0,0): [10/30/2018 10:20:40.795 AM] Unity.Transforms.dll: emitting IL to : /Users/armariya/Developer/grpc/cheirokmeta/examples/chatroom/client/Chatroom/Temp/Unity.Transforms.dll
 (0,0): [10/30/2018 10:20:40.809 AM] Unity.Transforms.dll compilation finished in 96ms  source files re-parsed: 9 metadata reloaded: 1
 (0,0): [10/30/2018 10:20:40.820 AM] Unity.Transforms.dll: session status updated to IncrementalCompilationStatus.Finished for Caller PID: 7436
 (0,0): [10/30/2018 10:20:40.996 AM] Unity.Rendering.Hybrid.dll: no prior compilation found in cache. Caller PID: 7436
 (0,0): [10/30/2018 10:20:41.007 AM] Unity.Rendering.Hybrid.dll compiling...
 (0,0): [10/30/2018 10:20:41.075 AM] Unity.Rendering.Hybrid.dll: emitting IL to : /Users/armariya/Developer/grpc/cheirokmeta/examples/chatroom/client/Chatroom/Temp/Unity.Rendering.Hybrid.dll
 (0,0): [10/30/2018 10:20:41.088 AM] Unity.Rendering.Hybrid.dll compilation finished in 80ms  source files re-parsed: 9 metadata reloaded: 1
 (0,0): [10/30/2018 10:20:41.099 AM] Unity.Rendering.Hybrid.dll: session status updated to IncrementalCompilationStatus.Finished for Caller PID: 7436
 (0,0): [10/30/2018 10:20:41.106 AM] Unity.Entities.Properties.dll: no prior compilation found in cache. Caller PID: 7436
 (0,0): [10/30/2018 10:20:41.117 AM] Unity.Entities.Properties.dll compiling...
 (0,0): [10/30/2018 10:20:41.173 AM] Unity.Entities.Properties.dll: emitting IL to : /Users/armariya/Developer/grpc/cheirokmeta/examples/chatroom/client/Chatroom/Temp/Unity.Entities.Properties.dll
 (0,0): [10/30/2018 10:20:41.185 AM] Unity.Entities.Properties.dll compilation finished in 68ms  source files re-parsed: 14 metadata reloaded: 0
 (0,0): [10/30/2018 10:20:41.196 AM] Unity.Entities.Properties.dll: session status updated to IncrementalCompilationStatus.Finished for Caller PID: 7436
 (0,0): [10/30/2018 10:20:41.197 AM] Unity.Transforms.Hybrid.dll: no prior compilation found in cache. Caller PID: 7436
 (0,0): [10/30/2018 10:20:41.208 AM] Unity.Transforms.Hybrid.dll compiling...
 (0,0): [10/30/2018 10:20:41.241 AM] Unity.Transforms.Hybrid.dll: emitting IL to : /Users/armariya/Developer/grpc/cheirokmeta/examples/chatroom/client/Chatroom/Temp/Unity.Transforms.Hybrid.dll
 (0,0): [10/30/2018 10:20:41.253 AM] Unity.Transforms.Hybrid.dll compilation finished in 45ms  source files re-parsed: 6 metadata reloaded: 0
 (0,0): [10/30/2018 10:20:41.263 AM] Unity.Transforms.Hybrid.dll: session status updated to IncrementalCompilationStatus.Finished for Caller PID: 7436
 (0,0): [10/30/2018 10:20:41.332 AM] Unity.Entities.Editor.dll: no prior compilation found in cache. Caller PID: 7436
 (0,0): [10/30/2018 10:20:41.346 AM] Unity.Entities.Editor.dll compiling...
 (0,0): [10/30/2018 10:20:41.453 AM] Unity.Entities.Editor.dll: emitting IL to : /Users/armariya/Developer/grpc/cheirokmeta/examples/chatroom/client/Chatroom/Temp/Unity.Entities.Editor.dll
 (0,0): [10/30/2018 10:20:41.467 AM] Unity.Entities.Editor.dll compilation finished in 121ms  source files re-parsed: 25 metadata reloaded: 1
 (0,0): [10/30/2018 10:20:41.478 AM] Unity.Entities.Editor.dll: session status updated to IncrementalCompilationStatus.Finished for Caller PID: 7436
 (0,0): [10/30/2018 10:20:41.643 AM] Unity.Transforms.Editor.dll: no prior compilation found in cache. Caller PID: 7436
 (0,0): [10/30/2018 10:20:41.654 AM] Unity.Transforms.Editor.dll compiling...
 (0,0): [10/30/2018 10:20:41.689 AM] Unity.Transforms.Editor.dll: emitting IL to : /Users/armariya/Developer/grpc/cheirokmeta/examples/chatroom/client/Chatroom/Temp/Unity.Transforms.Editor.dll
 (0,0): [10/30/2018 10:20:41.702 AM] Unity.Transforms.Editor.dll compilation finished in 48ms  source files re-parsed: 1 metadata reloaded: 2
 (0,0): [10/30/2018 10:20:41.713 AM] Unity.Transforms.Editor.dll: session status updated to IncrementalCompilationStatus.Finished for Caller PID: 7436
 (0,0): [10/30/2018 10:20:57.863 AM] Unity.TextMeshPro.dll: no prior compilation found in cache. Caller PID: 7436
 (0,0): [10/30/2018 10:20:57.876 AM] Unity.TextMeshPro.dll compiling...
 (0,0): [10/30/2018 10:20:57.884 AM] Cinemachine.dll: no prior compilation found in cache. Caller PID: 7436
 (0,0): [10/30/2018 10:20:57.897 AM] Cinemachine.dll compiling...
 (0,0): [10/30/2018 10:20:57.976 AM] Unity.Mathematics.dll: no prior compilation found in cache. Caller PID: 7436
 (0,0): [10/30/2018 10:20:57.988 AM] Unity.Mathematics.dll compiling...
 (0,0): [10/30/2018 10:20:58.224 AM] Unity.Burst.dll: no prior compilation found in cache. Caller PID: 7436
 (0,0): [10/30/2018 10:20:58.240 AM] Unity.Burst.dll compiling...
 (0,0): [10/30/2018 10:20:58.423 AM] Unity.Properties.dll: no prior compilation found in cache. Caller PID: 7436
 (0,0): [10/30/2018 10:20:58.435 AM] Unity.Properties.dll compiling...
 (0,0): [10/30/2018 10:20:58.554 AM] Unity.CollabProxy.Editor.dll: no prior compilation found in cache. Caller PID: 7436
 (0,0): [10/30/2018 10:20:58.565 AM] Unity.CollabProxy.Editor.dll compiling...
 (0,0): [10/30/2018 10:20:58.602 AM] Zosimos.Chatroom.Grpc.dll: no prior compilation found in cache. Caller PID: 7436
 (0,0): [10/30/2018 10:20:58.626 AM] Zosimos.Chatroom.Grpc.dll compiling...
 (0,0): [10/30/2018 10:20:58.666 AM] Unity.Burst.dll: emitting IL to : /Users/armariya/Developer/grpc/cheirokmeta/examples/chatroom/client/Chatroom/Temp/Unity.Burst.dll
 (0,0): [10/30/2018 10:20:58.678 AM] Unity.Burst.dll compilation finished in 437ms  source files re-parsed: 3 metadata reloaded: 0
 (0,0): [10/30/2018 10:20:58.695 AM] Unity.Burst.dll: session status updated to IncrementalCompilationStatus.Finished for Caller PID: 7436
 (0,0): [10/30/2018 10:20:58.736 AM] Unity.CollabProxy.Editor.dll: emitting IL to : /Users/armariya/Developer/grpc/cheirokmeta/examples/chatroom/client/Chatroom/Temp/Unity.CollabProxy.Editor.dll
 (0,0): [10/30/2018 10:20:58.745 AM] Unity.PackageManagerUI.Editor.dll: no prior compilation found in cache. Caller PID: 7436
 (0,0): [10/30/2018 10:20:58.749 AM] Unity.CollabProxy.Editor.dll compilation finished in 184ms  source files re-parsed: 17 metadata reloaded: 0
 (0,0): [10/30/2018 10:20:58.758 AM] Unity.PackageManagerUI.Editor.dll compiling...
 (0,0): [10/30/2018 10:20:58.760 AM] Zosimos.Chatroom.Grpc.dll: emitting IL to : /Users/armariya/Developer/grpc/cheirokmeta/examples/chatroom/client/Chatroom/Temp/Zosimos.Chatroom.Grpc.dll
 (0,0): [10/30/2018 10:20:58.760 AM] Unity.CollabProxy.Editor.dll: session status updated to IncrementalCompilationStatus.Finished for Caller PID: 7436
 (0,0): [10/30/2018 10:20:58.768 AM] Cinemachine.dll: emitting IL to : /Users/armariya/Developer/grpc/cheirokmeta/examples/chatroom/client/Chatroom/Temp/Cinemachine.dll
 (0,0): [10/30/2018 10:20:58.782 AM] Zosimos.Chatroom.Grpc.dll compilation finished in 156ms  source files re-parsed: 3 metadata reloaded: 0
 (0,0): [10/30/2018 10:20:58.792 AM] Cinemachine.dll compilation finished in 894ms  source files re-parsed: 62 metadata reloaded: 0
 (0,0): [10/30/2018 10:20:58.792 AM] Zosimos.Chatroom.Grpc.dll: session status updated to IncrementalCompilationStatus.Finished for Caller PID: 7436
 (0,0): [10/30/2018 10:20:58.802 AM] Cinemachine.dll: session status updated to IncrementalCompilationStatus.Finished for Caller PID: 7436
 (0,0): [10/30/2018 10:20:58.852 AM] Unity.Properties.dll: emitting IL to : /Users/armariya/Developer/grpc/cheirokmeta/examples/chatroom/client/Chatroom/Temp/Unity.Properties.dll
 (0,0): [10/30/2018 10:20:58.868 AM] Unity.Properties.dll compilation finished in 433ms  source files re-parsed: 34 metadata reloaded: 0
 (0,0): [10/30/2018 10:20:58.882 AM] Unity.Properties.dll: session status updated to IncrementalCompilationStatus.Finished for Caller PID: 7436
 (0,0): [10/30/2018 10:20:58.926 AM] Unity.PackageManagerUI.Editor.dll: emitting IL to : /Users/armariya/Developer/grpc/cheirokmeta/examples/chatroom/client/Chatroom/Temp/Unity.PackageManagerUI.Editor.dll
 (0,0): [10/30/2018 10:20:58.941 AM] Unity.PackageManagerUI.Editor.dll compilation finished in 182ms  source files re-parsed: 52 metadata reloaded: 0
 (0,0): [10/30/2018 10:20:58.960 AM] Unity.PackageManagerUI.Editor.dll: session status updated to IncrementalCompilationStatus.Finished for Caller PID: 7436
 (0,0): [10/30/2018 10:20:59.280 AM] Unity.Burst.Editor.dll: no prior compilation found in cache. Caller PID: 7436
 (0,0): [10/30/2018 10:20:59.292 AM] Unity.Burst.Editor.dll compiling...
 (0,0): [10/30/2018 10:20:59.506 AM] Unity.Burst.Editor.dll: emitting IL to : /Users/armariya/Developer/grpc/cheirokmeta/examples/chatroom/client/Chatroom/Temp/Unity.Burst.Editor.dll
 (0,0): [10/30/2018 10:20:59.519 AM] Unity.Burst.Editor.dll compilation finished in 227ms  source files re-parsed: 10 metadata reloaded: 1
 (0,0): [10/30/2018 10:20:59.532 AM] Unity.Burst.Editor.dll: session status updated to IncrementalCompilationStatus.Finished for Caller PID: 7436
 (0,0): [10/30/2018 10:20:59.572 AM] Unity.TextMeshPro.dll: emitting IL to : /Users/armariya/Developer/grpc/cheirokmeta/examples/chatroom/client/Chatroom/Temp/Unity.TextMeshPro.dll
 (0,0): [10/30/2018 10:20:59.592 AM] Unity.TextMeshPro.dll compilation finished in 1716ms  source files re-parsed: 45 metadata reloaded: 0
 (0,0): [10/30/2018 10:20:59.603 AM] Unity.TextMeshPro.dll: session status updated to IncrementalCompilationStatus.Finished for Caller PID: 7436
 (0,0): [10/30/2018 10:20:59.742 AM] Zosimos.Chatroom.Scripts.dll: no prior compilation found in cache. Caller PID: 7436
 (0,0): [10/30/2018 10:20:59.753 AM] Zosimos.Chatroom.Scripts.dll compiling...
 (0,0): [10/30/2018 10:20:59.791 AM] Zosimos.Chatroom.Scripts.dll: emitting IL to : /Users/armariya/Developer/grpc/cheirokmeta/examples/chatroom/client/Chatroom/Temp/Zosimos.Chatroom.Scripts.dll
 (0,0): [10/30/2018 10:20:59.803 AM] Zosimos.Chatroom.Scripts.dll compilation finished in 49ms  source files re-parsed: 2 metadata reloaded: 1
 (0,0): [10/30/2018 10:20:59.817 AM] Zosimos.Chatroom.Scripts.dll: session status updated to IncrementalCompilationStatus.Finished for Caller PID: 7436
 (0,0): [10/30/2018 10:20:59.832 AM] com.unity.cinemachine.editor.dll: no prior compilation found in cache. Caller PID: 7436
 (0,0): [10/30/2018 10:20:59.843 AM] com.unity.cinemachine.editor.dll compiling...
 (0,0): [10/30/2018 10:20:59.973 AM] Unity.Properties.Codegen.dll: no prior compilation found in cache. Caller PID: 7436
 (0,0): [10/30/2018 10:21:00.000 AM] Unity.Properties.Codegen.dll compiling...
 (0,0): [10/30/2018 10:21:00.090 AM] Unity.Properties.Editor.dll: no prior compilation found in cache. Caller PID: 7436
 (0,0): [10/30/2018 10:21:00.101 AM] Unity.Properties.Editor.dll compiling...
 (0,0): [10/30/2018 10:21:00.129 AM] Unity.Properties.Codegen.dll: emitting IL to : /Users/armariya/Developer/grpc/cheirokmeta/examples/chatroom/client/Chatroom/Temp/Unity.Properties.Codegen.dll
 (0,0): [10/30/2018 10:21:00.143 AM] Unity.Properties.Codegen.dll compilation finished in 142ms  source files re-parsed: 7 metadata reloaded: 1
 (0,0): [10/30/2018 10:21:00.162 AM] Unity.Properties.Codegen.dll: session status updated to IncrementalCompilationStatus.Finished for Caller PID: 7436
 (0,0): [10/30/2018 10:21:00.190 AM] com.unity.cinemachine.editor.dll: emitting IL to : /Users/armariya/Developer/grpc/cheirokmeta/examples/chatroom/client/Chatroom/Temp/com.unity.cinemachine.editor.dll
 (0,0): [10/30/2018 10:21:00.203 AM] Unity.Analytics.Android.Editor.dll: no prior compilation found in cache. Caller PID: 7436
 (0,0): [10/30/2018 10:21:00.205 AM] com.unity.cinemachine.editor.dll compilation finished in 361ms  source files re-parsed: 60 metadata reloaded: 1
 (0,0): [10/30/2018 10:21:00.214 AM] Unity.Analytics.Android.Editor.dll compiling...
 (0,0): [10/30/2018 10:21:00.216 AM] com.unity.cinemachine.editor.dll: session status updated to IncrementalCompilationStatus.Finished for Caller PID: 7436
 (0,0): [10/30/2018 10:21:00.232 AM] Unity.Properties.Editor.dll: emitting IL to : /Users/armariya/Developer/grpc/cheirokmeta/examples/chatroom/client/Chatroom/Temp/Unity.Properties.Editor.dll
 (0,0): [10/30/2018 10:21:00.246 AM] Unity.Analytics.Android.Editor.dll: emitting IL to : /Users/armariya/Developer/grpc/cheirokmeta/examples/chatroom/client/Chatroom/Temp/Unity.Analytics.Android.Editor.dll
 (0,0): [10/30/2018 10:21:00.247 AM] Unity.Properties.Editor.dll compilation finished in 145ms  source files re-parsed: 23 metadata reloaded: 0
 (0,0): [10/30/2018 10:21:00.250 AM] Unity.TextMeshPro.Editor.dll: no prior compilation found in cache. Caller PID: 7436
 (0,0): [10/30/2018 10:21:00.257 AM] Unity.Properties.Editor.dll: session status updated to IncrementalCompilationStatus.Finished for Caller PID: 7436
 (0,0): [10/30/2018 10:21:00.258 AM] Unity.Analytics.Android.Editor.dll compilation finished in 44ms  source files re-parsed: 1 metadata reloaded: 0
 (0,0): [10/30/2018 10:21:00.261 AM] Unity.TextMeshPro.Editor.dll compiling...
 (0,0): [10/30/2018 10:21:00.269 AM] Unity.Analytics.Android.Editor.dll: session status updated to IncrementalCompilationStatus.Finished for Caller PID: 7436
 (0,0): [10/30/2018 10:21:00.494 AM] Unity.TextMeshPro.Editor.dll: emitting IL to : /Users/armariya/Developer/grpc/cheirokmeta/examples/chatroom/client/Chatroom/Temp/Unity.TextMeshPro.Editor.dll
 (0,0): [10/30/2018 10:21:00.507 AM] Unity.TextMeshPro.Editor.dll compilation finished in 245ms  source files re-parsed: 40 metadata reloaded: 1
 (0,0): [10/30/2018 10:21:00.518 AM] Unity.TextMeshPro.Editor.dll: session status updated to IncrementalCompilationStatus.Finished for Caller PID: 7436
 (0,0): [10/30/2018 10:21:00.960 AM] Unity.Mathematics.dll: emitting IL to : /Users/armariya/Developer/grpc/cheirokmeta/examples/chatroom/client/Chatroom/Temp/Unity.Mathematics.dll
 (0,0): [10/30/2018 10:21:00.982 AM] Unity.Mathematics.dll compilation finished in 2994ms  source files re-parsed: 82 metadata reloaded: 0
 (0,0): [10/30/2018 10:21:00.993 AM] Unity.Mathematics.dll: session status updated to IncrementalCompilationStatus.Finished for Caller PID: 7436
 (0,0): [10/30/2018 10:21:01.191 AM] Unity.Collections.dll: no prior compilation found in cache. Caller PID: 7436
 (0,0): [10/30/2018 10:21:01.203 AM] Unity.Collections.dll compiling...
 (0,0): [10/30/2018 10:21:01.284 AM] Unity.Collections.dll: emitting IL to : /Users/armariya/Developer/grpc/cheirokmeta/examples/chatroom/client/Chatroom/Temp/Unity.Collections.dll
 (0,0): [10/30/2018 10:21:01.293 AM] Unity.Mathematics.Editor.dll: no prior compilation found in cache. Caller PID: 7436
 (0,0): [10/30/2018 10:21:01.299 AM] Unity.Collections.dll compilation finished in 96ms  source files re-parsed: 12 metadata reloaded: 1
 (0,0): [10/30/2018 10:21:01.308 AM] Unity.Mathematics.Editor.dll compiling...
 (0,0): [10/30/2018 10:21:01.310 AM] Unity.Collections.dll: session status updated to IncrementalCompilationStatus.Finished for Caller PID: 7436
 (0,0): [10/30/2018 10:21:01.366 AM] Unity.Mathematics.Editor.dll: emitting IL to : /Users/armariya/Developer/grpc/cheirokmeta/examples/chatroom/client/Chatroom/Temp/Unity.Mathematics.Editor.dll
 (0,0): [10/30/2018 10:21:01.378 AM] Unity.Mathematics.Editor.dll compilation finished in 70ms  source files re-parsed: 4 metadata reloaded: 0
 (0,0): [10/30/2018 10:21:01.389 AM] Unity.Mathematics.Editor.dll: session status updated to IncrementalCompilationStatus.Finished for Caller PID: 7436
 (0,0): [10/30/2018 10:21:01.493 AM] Unity.Entities.dll: no prior compilation found in cache. Caller PID: 7436
 (0,0): [10/30/2018 10:21:01.505 AM] Unity.Entities.dll compiling...
 (0,0): [10/30/2018 10:21:01.723 AM] Unity.Jobs.dll: no prior compilation found in cache. Caller PID: 7436
 (0,0): [10/30/2018 10:21:01.745 AM] Unity.Jobs.dll compiling...
 (0,0): [10/30/2018 10:21:01.782 AM] Unity.Jobs.dll: emitting IL to : /Users/armariya/Developer/grpc/cheirokmeta/examples/chatroom/client/Chatroom/Temp/Unity.Jobs.dll
 (0,0): [10/30/2018 10:21:01.794 AM] Unity.Jobs.dll compilation finished in 49ms  source files re-parsed: 3 metadata reloaded: 0
 (0,0): [10/30/2018 10:21:01.805 AM] Unity.Jobs.dll: session status updated to IncrementalCompilationStatus.Finished for Caller PID: 7436
 (0,0): [10/30/2018 10:21:01.828 AM] Unity.Entities.dll: emitting IL to : /Users/armariya/Developer/grpc/cheirokmeta/examples/chatroom/client/Chatroom/Temp/Unity.Entities.dll
 (0,0): [10/30/2018 10:21:01.843 AM] Unity.Entities.dll compilation finished in 338ms  source files re-parsed: 58 metadata reloaded: 1
 (0,0): [10/30/2018 10:21:01.853 AM] Unity.Entities.dll: session status updated to IncrementalCompilationStatus.Finished for Caller PID: 7436
 (0,0): [10/30/2018 10:21:01.959 AM] Unity.Jobs.Editor.dll: no prior compilation found in cache. Caller PID: 7436
 (0,0): [10/30/2018 10:21:01.970 AM] Unity.Jobs.Editor.dll compiling...
 (0,0): [10/30/2018 10:21:01.997 AM] Unity.Jobs.Editor.dll: emitting IL to : /Users/armariya/Developer/grpc/cheirokmeta/examples/chatroom/client/Chatroom/Temp/Unity.Jobs.Editor.dll
 (0,0): [10/30/2018 10:21:02.008 AM] Unity.Jobs.Editor.dll compilation finished in 38ms  source files re-parsed: 1 metadata reloaded: 1
 (0,0): [10/30/2018 10:21:02.020 AM] Unity.Jobs.Editor.dll: session status updated to IncrementalCompilationStatus.Finished for Caller PID: 7436
 (0,0): [10/30/2018 10:21:02.062 AM] Unity.Entities.Hybrid.dll: no prior compilation found in cache. Caller PID: 7436
 (0,0): [10/30/2018 10:21:02.074 AM] Unity.Entities.Hybrid.dll compiling...
 (0,0): [10/30/2018 10:21:02.120 AM] Unity.Entities.Hybrid.dll: emitting IL to : /Users/armariya/Developer/grpc/cheirokmeta/examples/chatroom/client/Chatroom/Temp/Unity.Entities.Hybrid.dll
 (0,0): [10/30/2018 10:21:02.132 AM] Unity.Entities.Hybrid.dll compilation finished in 58ms  source files re-parsed: 12 metadata reloaded: 1
 (0,0): [10/30/2018 10:21:02.142 AM] Unity.Entities.Hybrid.dll: session status updated to IncrementalCompilationStatus.Finished for Caller PID: 7436
 (0,0): [10/30/2018 10:21:02.369 AM] Unity.Transforms.dll: no prior compilation found in cache. Caller PID: 7436
 (0,0): [10/30/2018 10:21:02.380 AM] Unity.Transforms.dll compiling...
 (0,0): [10/30/2018 10:21:02.466 AM] Unity.Transforms.dll: emitting IL to : /Users/armariya/Developer/grpc/cheirokmeta/examples/chatroom/client/Chatroom/Temp/Unity.Transforms.dll
 (0,0): [10/30/2018 10:21:02.480 AM] Unity.Transforms.dll compilation finished in 100ms  source files re-parsed: 9 metadata reloaded: 1
 (0,0): [10/30/2018 10:21:02.491 AM] Unity.Transforms.dll: session status updated to IncrementalCompilationStatus.Finished for Caller PID: 7436
 (0,0): [10/30/2018 10:21:02.719 AM] Unity.Rendering.Hybrid.dll: no prior compilation found in cache. Caller PID: 7436
 (0,0): [10/30/2018 10:21:02.730 AM] Unity.Rendering.Hybrid.dll compiling...
 (0,0): [10/30/2018 10:21:02.794 AM] Unity.Rendering.Hybrid.dll: emitting IL to : /Users/armariya/Developer/grpc/cheirokmeta/examples/chatroom/client/Chatroom/Temp/Unity.Rendering.Hybrid.dll
 (0,0): [10/30/2018 10:21:02.807 AM] Unity.Rendering.Hybrid.dll compilation finished in 76ms  source files re-parsed: 9 metadata reloaded: 1
 (0,0): [10/30/2018 10:21:02.818 AM] Unity.Rendering.Hybrid.dll: session status updated to IncrementalCompilationStatus.Finished for Caller PID: 7436
 (0,0): [10/30/2018 10:21:02.823 AM] Unity.Entities.Properties.dll: no prior compilation found in cache. Caller PID: 7436
 (0,0): [10/30/2018 10:21:02.834 AM] Unity.Entities.Properties.dll compiling...
 (0,0): [10/30/2018 10:21:02.895 AM] Unity.Entities.Properties.dll: emitting IL to : /Users/armariya/Developer/grpc/cheirokmeta/examples/chatroom/client/Chatroom/Temp/Unity.Entities.Properties.dll
 (0,0): [10/30/2018 10:21:02.908 AM] Unity.Entities.Properties.dll compilation finished in 73ms  source files re-parsed: 14 metadata reloaded: 0
 (0,0): [10/30/2018 10:21:02.917 AM] Unity.Transforms.Hybrid.dll: no prior compilation found in cache. Caller PID: 7436
 (0,0): [10/30/2018 10:21:02.919 AM] Unity.Entities.Properties.dll: session status updated to IncrementalCompilationStatus.Finished for Caller PID: 7436
 (0,0): [10/30/2018 10:21:02.927 AM] Unity.Transforms.Hybrid.dll compiling...
 (0,0): [10/30/2018 10:21:02.967 AM] Unity.Transforms.Hybrid.dll: emitting IL to : /Users/armariya/Developer/grpc/cheirokmeta/examples/chatroom/client/Chatroom/Temp/Unity.Transforms.Hybrid.dll
 (0,0): [10/30/2018 10:21:02.979 AM] Unity.Transforms.Hybrid.dll compilation finished in 51ms  source files re-parsed: 6 metadata reloaded: 0
 (0,0): [10/30/2018 10:21:02.989 AM] Unity.Transforms.Hybrid.dll: session status updated to IncrementalCompilationStatus.Finished for Caller PID: 7436
 (0,0): [10/30/2018 10:21:03.085 AM] Unity.Entities.Editor.dll: no prior compilation found in cache. Caller PID: 7436
 (0,0): [10/30/2018 10:21:03.096 AM] Unity.Entities.Editor.dll compiling...
 (0,0): [10/30/2018 10:21:03.207 AM] Unity.Entities.Editor.dll: emitting IL to : /Users/armariya/Developer/grpc/cheirokmeta/examples/chatroom/client/Chatroom/Temp/Unity.Entities.Editor.dll
 (0,0): [10/30/2018 10:21:03.220 AM] Unity.Entities.Editor.dll compilation finished in 124ms  source files re-parsed: 25 metadata reloaded: 1
 (0,0): [10/30/2018 10:21:03.231 AM] Unity.Entities.Editor.dll: session status updated to IncrementalCompilationStatus.Finished for Caller PID: 7436
 (0,0): [10/30/2018 10:21:03.389 AM] Unity.Transforms.Editor.dll: no prior compilation found in cache. Caller PID: 7436
 (0,0): [10/30/2018 10:21:03.403 AM] Unity.Transforms.Editor.dll compiling...
 (0,0): [10/30/2018 10:21:03.438 AM] Unity.Transforms.Editor.dll: emitting IL to : /Users/armariya/Developer/grpc/cheirokmeta/examples/chatroom/client/Chatroom/Temp/Unity.Transforms.Editor.dll
 (0,0): [10/30/2018 10:21:03.452 AM] Unity.Transforms.Editor.dll compilation finished in 48ms  source files re-parsed: 1 metadata reloaded: 2
 (0,0): [10/30/2018 10:21:03.462 AM] Unity.Transforms.Editor.dll: session status updated to IncrementalCompilationStatus.Finished for Caller PID: 7436
 (0,0): [10/30/2018 10:22:12.979 AM] Cinemachine.dll: no prior compilation found in cache. Caller PID: 7436
 (0,0): [10/30/2018 10:22:12.990 AM] Cinemachine.dll compiling...
 (0,0): [10/30/2018 10:22:13.045 AM] Unity.TextMeshPro.dll: no prior compilation found in cache. Caller PID: 7436
 (0,0): [10/30/2018 10:22:13.056 AM] Unity.TextMeshPro.dll compiling...
 (0,0): [10/30/2018 10:22:13.163 AM] Unity.Mathematics.dll: no prior compilation found in cache. Caller PID: 7436
 (0,0): [10/30/2018 10:22:13.175 AM] Unity.Mathematics.dll compiling...
 (0,0): [10/30/2018 10:22:13.259 AM] Unity.Burst.dll: no prior compilation found in cache. Caller PID: 7436
 (0,0): [10/30/2018 10:22:13.277 AM] Unity.Burst.dll compiling...
 (0,0): [10/30/2018 10:22:13.341 AM] Unity.Burst.dll: emitting IL to : /Users/armariya/Developer/grpc/cheirokmeta/examples/chatroom/client/Chatroom/Temp/Unity.Burst.dll
 (0,0): [10/30/2018 10:22:13.354 AM] Unity.Burst.dll compilation finished in 76ms  source files re-parsed: 3 metadata reloaded: 0
 (0,0): [10/30/2018 10:22:13.370 AM] Unity.Burst.dll: session status updated to IncrementalCompilationStatus.Finished for Caller PID: 7436
 (0,0): [10/30/2018 10:22:13.375 AM] Unity.Properties.dll: no prior compilation found in cache. Caller PID: 7436
 (0,0): [10/30/2018 10:22:13.391 AM] Unity.Properties.dll compiling...
 (0,0): [10/30/2018 10:22:13.471 AM] Zosimos.Chatroom.Grpc.dll: no prior compilation found in cache. Caller PID: 7436
 (0,0): [10/30/2018 10:22:13.483 AM] Zosimos.Chatroom.Grpc.dll compiling...
 (0,0): [10/30/2018 10:22:13.663 AM] Zosimos.Chatroom.Grpc.dll: emitting IL to : /Users/armariya/Developer/grpc/cheirokmeta/examples/chatroom/client/Chatroom/Temp/Zosimos.Chatroom.Grpc.dll
 (0,0): [10/30/2018 10:22:13.678 AM] Zosimos.Chatroom.Grpc.dll compilation finished in 195ms  source files re-parsed: 3 metadata reloaded: 0
 (0,0): [10/30/2018 10:22:13.690 AM] Zosimos.Chatroom.Grpc.dll: session status updated to IncrementalCompilationStatus.Finished for Caller PID: 7436
 (0,0): [10/30/2018 10:22:13.738 AM] Cinemachine.dll: emitting IL to : /Users/armariya/Developer/grpc/cheirokmeta/examples/chatroom/client/Chatroom/Temp/Cinemachine.dll
 (0,0): [10/30/2018 10:22:13.753 AM] Cinemachine.dll compilation finished in 762ms  source files re-parsed: 62 metadata reloaded: 63
 (0,0): [10/30/2018 10:22:13.765 AM] Cinemachine.dll: session status updated to IncrementalCompilationStatus.Finished for Caller PID: 7436
 (0,0): [10/30/2018 10:22:13.964 AM] Unity.TextMeshPro.dll: emitting IL to : /Users/armariya/Developer/grpc/cheirokmeta/examples/chatroom/client/Chatroom/Temp/Unity.TextMeshPro.dll
 (0,0): [10/30/2018 10:22:13.989 AM] Unity.TextMeshPro.dll compilation finished in 932ms  source files re-parsed: 45 metadata reloaded: 0
 (0,0): [10/30/2018 10:22:13.993 AM] Zosimos.Chatroom.Scripts.dll: no prior compilation found in cache. Caller PID: 7436
 (0,0): [10/30/2018 10:22:14.002 AM] Unity.TextMeshPro.dll: session status updated to IncrementalCompilationStatus.Finished for Caller PID: 7436
 (0,0): [10/30/2018 10:22:14.004 AM] Unity.Properties.dll: emitting IL to : /Users/armariya/Developer/grpc/cheirokmeta/examples/chatroom/client/Chatroom/Temp/Unity.Properties.dll
 (0,0): [10/30/2018 10:22:14.004 AM] Zosimos.Chatroom.Scripts.dll compiling...
 (0,0): [10/30/2018 10:22:14.017 AM] Unity.Properties.dll compilation finished in 626ms  source files re-parsed: 34 metadata reloaded: 0
 (0,0): [10/30/2018 10:22:14.029 AM] Unity.Properties.dll: session status updated to IncrementalCompilationStatus.Finished for Caller PID: 7436
 (0,0): [10/30/2018 10:22:14.046 AM] Zosimos.Chatroom.Scripts.dll: emitting IL to : /Users/armariya/Developer/grpc/cheirokmeta/examples/chatroom/client/Chatroom/Temp/Zosimos.Chatroom.Scripts.dll
 (0,0): [10/30/2018 10:22:14.059 AM] Zosimos.Chatroom.Scripts.dll compilation finished in 55ms  source files re-parsed: 2 metadata reloaded: 1
 (0,0): [10/30/2018 10:22:14.069 AM] Zosimos.Chatroom.Scripts.dll: session status updated to IncrementalCompilationStatus.Finished for Caller PID: 7436
 (0,0): [10/30/2018 10:22:15.357 AM] Unity.Mathematics.dll: emitting IL to : /Users/armariya/Developer/grpc/cheirokmeta/examples/chatroom/client/Chatroom/Temp/Unity.Mathematics.dll
 (0,0): [10/30/2018 10:22:15.379 AM] Unity.Mathematics.dll compilation finished in 2204ms  source files re-parsed: 82 metadata reloaded: 0
 (0,0): [10/30/2018 10:22:15.389 AM] Unity.Mathematics.dll: session status updated to IncrementalCompilationStatus.Finished for Caller PID: 7436
 (0,0): [10/30/2018 10:22:15.537 AM] Unity.Collections.dll: no prior compilation found in cache. Caller PID: 7436
 (0,0): [10/30/2018 10:22:15.549 AM] Unity.Collections.dll compiling...
 (0,0): [10/30/2018 10:22:15.618 AM] Unity.Collections.dll: emitting IL to : /Users/armariya/Developer/grpc/cheirokmeta/examples/chatroom/client/Chatroom/Temp/Unity.Collections.dll
 (0,0): [10/30/2018 10:22:15.631 AM] Unity.Collections.dll compilation finished in 82ms  source files re-parsed: 12 metadata reloaded: 1
 (0,0): [10/30/2018 10:22:15.642 AM] Unity.Collections.dll: session status updated to IncrementalCompilationStatus.Finished for Caller PID: 7436
 (0,0): [10/30/2018 10:22:15.840 AM] Unity.Jobs.dll: no prior compilation found in cache. Caller PID: 7436
 (0,0): [10/30/2018 10:22:15.852 AM] Unity.Jobs.dll compiling...
 (0,0): [10/30/2018 10:22:15.895 AM] Unity.Jobs.dll: emitting IL to : /Users/armariya/Developer/grpc/cheirokmeta/examples/chatroom/client/Chatroom/Temp/Unity.Jobs.dll
 (0,0): [10/30/2018 10:22:15.908 AM] Unity.Jobs.dll compilation finished in 56ms  source files re-parsed: 3 metadata reloaded: 1
 (0,0): [10/30/2018 10:22:15.919 AM] Unity.Jobs.dll: session status updated to IncrementalCompilationStatus.Finished for Caller PID: 7436
 (0,0): [10/30/2018 10:22:15.955 AM] Unity.Entities.dll: no prior compilation found in cache. Caller PID: 7436
 (0,0): [10/30/2018 10:22:15.967 AM] Unity.Entities.dll compiling...
 (0,0): [10/30/2018 10:22:16.193 AM] Unity.Entities.dll: emitting IL to : /Users/armariya/Developer/grpc/cheirokmeta/examples/chatroom/client/Chatroom/Temp/Unity.Entities.dll
 (0,0): [10/30/2018 10:22:16.210 AM] Unity.Entities.dll compilation finished in 243ms  source files re-parsed: 58 metadata reloaded: 1
 (0,0): [10/30/2018 10:22:16.221 AM] Unity.Entities.dll: session status updated to IncrementalCompilationStatus.Finished for Caller PID: 7436
 (0,0): [10/30/2018 10:22:16.456 AM] Unity.Entities.Hybrid.dll: no prior compilation found in cache. Caller PID: 7436
 (0,0): [10/30/2018 10:22:16.467 AM] Unity.Entities.Hybrid.dll compiling...
 (0,0): [10/30/2018 10:22:16.520 AM] Unity.Entities.Hybrid.dll: emitting IL to : /Users/armariya/Developer/grpc/cheirokmeta/examples/chatroom/client/Chatroom/Temp/Unity.Entities.Hybrid.dll
 (0,0): [10/30/2018 10:22:16.532 AM] Unity.Entities.Hybrid.dll compilation finished in 65ms  source files re-parsed: 12 metadata reloaded: 2
 (0,0): [10/30/2018 10:22:16.543 AM] Unity.Entities.Hybrid.dll: session status updated to IncrementalCompilationStatus.Finished for Caller PID: 7436
 (0,0): [10/30/2018 10:22:16.758 AM] Unity.Transforms.dll: no prior compilation found in cache. Caller PID: 7436
 (0,0): [10/30/2018 10:22:16.769 AM] Unity.Transforms.dll compiling...
 (0,0): [10/30/2018 10:22:16.854 AM] Unity.Transforms.dll: emitting IL to : /Users/armariya/Developer/grpc/cheirokmeta/examples/chatroom/client/Chatroom/Temp/Unity.Transforms.dll
 (0,0): [10/30/2018 10:22:16.866 AM] Unity.Transforms.dll compilation finished in 96ms  source files re-parsed: 9 metadata reloaded: 1
 (0,0): [10/30/2018 10:22:16.876 AM] Unity.Transforms.dll: session status updated to IncrementalCompilationStatus.Finished for Caller PID: 7436
 (0,0): [10/30/2018 10:22:17.088 AM] Unity.Rendering.Hybrid.dll: no prior compilation found in cache. Caller PID: 7436
 (0,0): [10/30/2018 10:22:17.100 AM] Unity.Rendering.Hybrid.dll compiling...
 (0,0): [10/30/2018 10:22:17.155 AM] Unity.Rendering.Hybrid.dll: emitting IL to : /Users/armariya/Developer/grpc/cheirokmeta/examples/chatroom/client/Chatroom/Temp/Unity.Rendering.Hybrid.dll
 (0,0): [10/30/2018 10:22:17.168 AM] Unity.Rendering.Hybrid.dll compilation finished in 68ms  source files re-parsed: 9 metadata reloaded: 1
 (0,0): [10/30/2018 10:22:17.179 AM] Unity.Rendering.Hybrid.dll: session status updated to IncrementalCompilationStatus.Finished for Caller PID: 7436
 (0,0): [10/30/2018 10:22:17.191 AM] Unity.Transforms.Hybrid.dll: no prior compilation found in cache. Caller PID: 7436
 (0,0): [10/30/2018 10:22:17.203 AM] Unity.Transforms.Hybrid.dll compiling...
 (0,0): [10/30/2018 10:22:17.233 AM] Unity.Transforms.Hybrid.dll: emitting IL to : /Users/armariya/Developer/grpc/cheirokmeta/examples/chatroom/client/Chatroom/Temp/Unity.Transforms.Hybrid.dll
 (0,0): [10/30/2018 10:22:17.246 AM] Unity.Transforms.Hybrid.dll compilation finished in 43ms  source files re-parsed: 6 metadata reloaded: 0
 (0,0): [10/30/2018 10:22:17.257 AM] Unity.Transforms.Hybrid.dll: session status updated to IncrementalCompilationStatus.Finished for Caller PID: 7436
 (0,0): [10/30/2018 10:22:17.284 AM] Unity.Entities.Properties.dll: no prior compilation found in cache. Caller PID: 7436
 (0,0): [10/30/2018 10:22:17.295 AM] Unity.Entities.Properties.dll compiling...
 (0,0): [10/30/2018 10:22:17.350 AM] Unity.Entities.Properties.dll: emitting IL to : /Users/armariya/Developer/grpc/cheirokmeta/examples/chatroom/client/Chatroom/Temp/Unity.Entities.Properties.dll
 (0,0): [10/30/2018 10:22:17.362 AM] Unity.Entities.Properties.dll compilation finished in 66ms  source files re-parsed: 14 metadata reloaded: 1
 (0,0): [10/30/2018 10:22:17.373 AM] Unity.Entities.Properties.dll: session status updated to IncrementalCompilationStatus.Finished for Caller PID: 7436
 (0,0): [10/30/2018 10:22:56.334 AM] Cinemachine.dll: no prior compilation found in cache. Caller PID: 7436
 (0,0): [10/30/2018 10:22:56.344 AM] Cinemachine.dll compiling...
 (0,0): [10/30/2018 10:22:56.396 AM] Unity.TextMeshPro.dll: no prior compilation found in cache. Caller PID: 7436
 (0,0): [10/30/2018 10:22:56.407 AM] Unity.TextMeshPro.dll compiling...
 (0,0): [10/30/2018 10:22:56.492 AM] Unity.Mathematics.dll: no prior compilation found in cache. Caller PID: 7436
 (0,0): [10/30/2018 10:22:56.505 AM] Unity.Mathematics.dll compiling...
 (0,0): [10/30/2018 10:22:56.584 AM] Unity.Properties.dll: no prior compilation found in cache. Caller PID: 7436
 (0,0): [10/30/2018 10:22:56.594 AM] Unity.Properties.dll compiling...
 (0,0): [10/30/2018 10:22:56.686 AM] Unity.Burst.dll: no prior compilation found in cache. Caller PID: 7436
 (0,0): [10/30/2018 10:22:56.699 AM] Unity.Burst.dll compiling...
 (0,0): [10/30/2018 10:22:56.783 AM] Unity.Burst.dll: emitting IL to : /Users/armariya/Developer/grpc/cheirokmeta/examples/chatroom/client/Chatroom/Temp/Unity.Burst.dll
 (0,0): [10/30/2018 10:22:56.784 AM] Cinemachine.dll: emitting IL to : /Users/armariya/Developer/grpc/cheirokmeta/examples/chatroom/client/Chatroom/Temp/Cinemachine.dll
 (0,0): [10/30/2018 10:22:56.797 AM] Unity.Burst.dll compilation finished in 97ms  source files re-parsed: 3 metadata reloaded: 0
 (0,0): [10/30/2018 10:22:56.799 AM] Cinemachine.dll compilation finished in 454ms  source files re-parsed: 62 metadata reloaded: 0
 (0,0): [10/30/2018 10:22:56.808 AM] Zosimos.Chatroom.Grpc.dll: no prior compilation found in cache. Caller PID: 7436
 (0,0): [10/30/2018 10:22:56.808 AM] Unity.Burst.dll: session status updated to IncrementalCompilationStatus.Finished for Caller PID: 7436
 (0,0): [10/30/2018 10:22:56.809 AM] Cinemachine.dll: session status updated to IncrementalCompilationStatus.Finished for Caller PID: 7436
 (0,0): [10/30/2018 10:22:56.820 AM] Zosimos.Chatroom.Grpc.dll compiling...
 (0,0): [10/30/2018 10:22:56.914 AM] Unity.CollabProxy.Editor.dll: no prior compilation found in cache. Caller PID: 7436
 (0,0): [10/30/2018 10:22:56.924 AM] Unity.CollabProxy.Editor.dll compiling...
 (0,0): [10/30/2018 10:22:57.093 AM] Zosimos.Chatroom.Grpc.dll: emitting IL to : /Users/armariya/Developer/grpc/cheirokmeta/examples/chatroom/client/Chatroom/Temp/Zosimos.Chatroom.Grpc.dll
 (0,0): [10/30/2018 10:22:57.106 AM] Zosimos.Chatroom.Grpc.dll compilation finished in 286ms  source files re-parsed: 3 metadata reloaded: 0
 (0,0): [10/30/2018 10:22:57.123 AM] Zosimos.Chatroom.Grpc.dll: session status updated to IncrementalCompilationStatus.Finished for Caller PID: 7436
 (0,0): [10/30/2018 10:22:57.135 AM] Unity.PackageManagerUI.Editor.dll: no prior compilation found in cache. Caller PID: 7436
 (0,0): [10/30/2018 10:22:57.144 AM] Unity.CollabProxy.Editor.dll: emitting IL to : /Users/armariya/Developer/grpc/cheirokmeta/examples/chatroom/client/Chatroom/Temp/Unity.CollabProxy.Editor.dll
 (0,0): [10/30/2018 10:22:57.151 AM] Unity.PackageManagerUI.Editor.dll compiling...
 (0,0): [10/30/2018 10:22:57.164 AM] Unity.CollabProxy.Editor.dll compilation finished in 239ms  source files re-parsed: 17 metadata reloaded: 0
 (0,0): [10/30/2018 10:22:57.180 AM] Unity.CollabProxy.Editor.dll: session status updated to IncrementalCompilationStatus.Finished for Caller PID: 7436
 (0,0): [10/30/2018 10:22:57.197 AM] Unity.Burst.Editor.dll: no prior compilation found in cache. Caller PID: 7436
 (0,0): [10/30/2018 10:22:57.211 AM] Unity.Burst.Editor.dll compiling...
 (0,0): [10/30/2018 10:22:57.213 AM] com.unity.cinemachine.editor.dll: no prior compilation found in cache. Caller PID: 7436
 (0,0): [10/30/2018 10:22:57.225 AM] com.unity.cinemachine.editor.dll compiling...
 (0,0): [10/30/2018 10:22:57.283 AM] Unity.Properties.dll: emitting IL to : /Users/armariya/Developer/grpc/cheirokmeta/examples/chatroom/client/Chatroom/Temp/Unity.Properties.dll
 (0,0): [10/30/2018 10:22:57.309 AM] Unity.Properties.dll compilation finished in 714ms  source files re-parsed: 34 metadata reloaded: 0
 (0,0): [10/30/2018 10:22:57.324 AM] Unity.Properties.dll: session status updated to IncrementalCompilationStatus.Finished for Caller PID: 7436
 (0,0): [10/30/2018 10:22:57.334 AM] Zosimos.Chatroom.Scripts.dll: no prior compilation found in cache. Caller PID: 7436
 (0,0): [10/30/2018 10:22:57.345 AM] Zosimos.Chatroom.Scripts.dll compiling...
 (0,0): [10/30/2018 10:22:57.426 AM] Unity.Burst.Editor.dll: emitting IL to : /Users/armariya/Developer/grpc/cheirokmeta/examples/chatroom/client/Chatroom/Temp/Unity.Burst.Editor.dll
 (0,0): [10/30/2018 10:22:57.439 AM] Unity.Burst.Editor.dll compilation finished in 227ms  source files re-parsed: 10 metadata reloaded: 1
 (0,0): [10/30/2018 10:22:57.446 AM] Unity.Analytics.Android.Editor.dll: no prior compilation found in cache. Caller PID: 7436
 (0,0): [10/30/2018 10:22:57.449 AM] Unity.Burst.Editor.dll: session status updated to IncrementalCompilationStatus.Finished for Caller PID: 7436
 (0,0): [10/30/2018 10:22:57.460 AM] Unity.Analytics.Android.Editor.dll compiling...
 (0,0): [10/30/2018 10:22:57.465 AM] Zosimos.Chatroom.Scripts.dll: emitting IL to : /Users/armariya/Developer/grpc/cheirokmeta/examples/chatroom/client/Chatroom/Temp/Zosimos.Chatroom.Scripts.dll
 (0,0): [10/30/2018 10:22:57.479 AM] Zosimos.Chatroom.Scripts.dll compilation finished in 133ms  source files re-parsed: 2 metadata reloaded: 1
 (0,0): [10/30/2018 10:22:57.497 AM] Zosimos.Chatroom.Scripts.dll: session status updated to IncrementalCompilationStatus.Finished for Caller PID: 7436
 (0,0): [10/30/2018 10:22:57.502 AM] Unity.Analytics.Android.Editor.dll: emitting IL to : /Users/armariya/Developer/grpc/cheirokmeta/examples/chatroom/client/Chatroom/Temp/Unity.Analytics.Android.Editor.dll
 (0,0): [10/30/2018 10:22:57.519 AM] Unity.Analytics.Android.Editor.dll compilation finished in 59ms  source files re-parsed: 1 metadata reloaded: 0
 (0,0): [10/30/2018 10:22:57.538 AM] Unity.Analytics.Android.Editor.dll: session status updated to IncrementalCompilationStatus.Finished for Caller PID: 7436
 (0,0): [10/30/2018 10:22:57.622 AM] Unity.Properties.Editor.dll: no prior compilation found in cache. Caller PID: 7436
 (0,0): [10/30/2018 10:22:57.638 AM] Unity.Properties.Editor.dll compiling...
 (0,0): [10/30/2018 10:22:57.758 AM] Unity.Properties.Codegen.dll: no prior compilation found in cache. Caller PID: 7436
 (0,0): [10/30/2018 10:22:57.768 AM] Unity.PackageManagerUI.Editor.dll: emitting IL to : /Users/armariya/Developer/grpc/cheirokmeta/examples/chatroom/client/Chatroom/Temp/Unity.PackageManagerUI.Editor.dll
 (0,0): [10/30/2018 10:22:57.768 AM] Unity.Properties.Codegen.dll compiling...
 (0,0): [10/30/2018 10:22:57.781 AM] Unity.PackageManagerUI.Editor.dll compilation finished in 630ms  source files re-parsed: 52 metadata reloaded: 0
 (0,0): [10/30/2018 10:22:57.793 AM] Unity.PackageManagerUI.Editor.dll: session status updated to IncrementalCompilationStatus.Finished for Caller PID: 7436
 (0,0): [10/30/2018 10:22:57.918 AM] Unity.TextMeshPro.dll: emitting IL to : /Users/armariya/Developer/grpc/cheirokmeta/examples/chatroom/client/Chatroom/Temp/Unity.TextMeshPro.dll
 (0,0): [10/30/2018 10:22:57.922 AM] Unity.Properties.Codegen.dll: emitting IL to : /Users/armariya/Developer/grpc/cheirokmeta/examples/chatroom/client/Chatroom/Temp/Unity.Properties.Codegen.dll
 (0,0): [10/30/2018 10:22:57.935 AM] Unity.Properties.Codegen.dll compilation finished in 166ms  source files re-parsed: 7 metadata reloaded: 0
 (0,0): [10/30/2018 10:22:57.938 AM] Unity.TextMeshPro.dll compilation finished in 1531ms  source files re-parsed: 45 metadata reloaded: 0
 (0,0): [10/30/2018 10:22:57.950 AM] Unity.Properties.Codegen.dll: session status updated to IncrementalCompilationStatus.Finished for Caller PID: 7436
 (0,0): [10/30/2018 10:22:57.950 AM] Unity.TextMeshPro.dll: session status updated to IncrementalCompilationStatus.Finished for Caller PID: 7436
 (0,0): [10/30/2018 10:22:57.963 AM] Unity.Properties.Editor.dll: emitting IL to : /Users/armariya/Developer/grpc/cheirokmeta/examples/chatroom/client/Chatroom/Temp/Unity.Properties.Editor.dll
 (0,0): [10/30/2018 10:22:57.992 AM] Unity.Properties.Editor.dll compilation finished in 353ms  source files re-parsed: 23 metadata reloaded: 1
 (0,0): [10/30/2018 10:22:58.005 AM] Unity.Properties.Editor.dll: session status updated to IncrementalCompilationStatus.Finished for Caller PID: 7436
 (0,0): [10/30/2018 10:22:58.336 AM] Unity.TextMeshPro.Editor.dll: no prior compilation found in cache. Caller PID: 7436
 (0,0): [10/30/2018 10:22:58.351 AM] Unity.TextMeshPro.Editor.dll compiling...
 (0,0): [10/30/2018 10:22:58.504 AM] com.unity.cinemachine.editor.dll: emitting IL to : /Users/armariya/Developer/grpc/cheirokmeta/examples/chatroom/client/Chatroom/Temp/com.unity.cinemachine.editor.dll
 (0,0): [10/30/2018 10:22:58.519 AM] com.unity.cinemachine.editor.dll compilation finished in 1294ms  source files re-parsed: 60 metadata reloaded: 1
 (0,0): [10/30/2018 10:22:58.530 AM] com.unity.cinemachine.editor.dll: session status updated to IncrementalCompilationStatus.Finished for Caller PID: 7436
 (0,0): [10/30/2018 10:22:58.947 AM] Unity.TextMeshPro.Editor.dll: emitting IL to : /Users/armariya/Developer/grpc/cheirokmeta/examples/chatroom/client/Chatroom/Temp/Unity.TextMeshPro.Editor.dll
 (0,0): [10/30/2018 10:22:58.962 AM] Unity.TextMeshPro.Editor.dll compilation finished in 610ms  source files re-parsed: 40 metadata reloaded: 1
 (0,0): [10/30/2018 10:22:58.972 AM] Unity.TextMeshPro.Editor.dll: session status updated to IncrementalCompilationStatus.Finished for Caller PID: 7436
 (0,0): [10/30/2018 10:22:59.526 AM] Unity.Mathematics.dll: emitting IL to : /Users/armariya/Developer/grpc/cheirokmeta/examples/chatroom/client/Chatroom/Temp/Unity.Mathematics.dll
 (0,0): [10/30/2018 10:22:59.548 AM] Unity.Mathematics.dll compilation finished in 3042ms  source files re-parsed: 82 metadata reloaded: 0
 (0,0): [10/30/2018 10:22:59.559 AM] Unity.Mathematics.dll: session status updated to IncrementalCompilationStatus.Finished for Caller PID: 7436
 (0,0): [10/30/2018 10:22:59.829 AM] Unity.Collections.dll: no prior compilation found in cache. Caller PID: 7436
 (0,0): [10/30/2018 10:22:59.841 AM] Unity.Collections.dll compiling...
 (0,0): [10/30/2018 10:22:59.922 AM] Unity.Collections.dll: emitting IL to : /Users/armariya/Developer/grpc/cheirokmeta/examples/chatroom/client/Chatroom/Temp/Unity.Collections.dll
 (0,0): [10/30/2018 10:22:59.926 AM] Unity.Mathematics.Editor.dll: no prior compilation found in cache. Caller PID: 7436
 (0,0): [10/30/2018 10:22:59.935 AM] Unity.Collections.dll compilation finished in 94ms  source files re-parsed: 12 metadata reloaded: 1
 (0,0): [10/30/2018 10:22:59.938 AM] Unity.Mathematics.Editor.dll compiling...
 (0,0): [10/30/2018 10:22:59.946 AM] Unity.Collections.dll: session status updated to IncrementalCompilationStatus.Finished for Caller PID: 7436
 (0,0): [10/30/2018 10:22:59.989 AM] Unity.Mathematics.Editor.dll: emitting IL to : /Users/armariya/Developer/grpc/cheirokmeta/examples/chatroom/client/Chatroom/Temp/Unity.Mathematics.Editor.dll
 (0,0): [10/30/2018 10:23:00.002 AM] Unity.Mathematics.Editor.dll compilation finished in 63ms  source files re-parsed: 4 metadata reloaded: 0
 (0,0): [10/30/2018 10:23:00.012 AM] Unity.Mathematics.Editor.dll: session status updated to IncrementalCompilationStatus.Finished for Caller PID: 7436
 (0,0): [10/30/2018 10:23:00.093 AM] Unity.Entities.dll: no prior compilation found in cache. Caller PID: 7436
 (0,0): [10/30/2018 10:23:00.105 AM] Unity.Entities.dll compiling...
 (0,0): [10/30/2018 10:23:00.215 AM] Unity.Jobs.dll: no prior compilation found in cache. Caller PID: 7436
 (0,0): [10/30/2018 10:23:00.231 AM] Unity.Jobs.dll compiling...
 (0,0): [10/30/2018 10:23:00.289 AM] Unity.Jobs.dll: emitting IL to : /Users/armariya/Developer/grpc/cheirokmeta/examples/chatroom/client/Chatroom/Temp/Unity.Jobs.dll
 (0,0): [10/30/2018 10:23:00.301 AM] Unity.Jobs.dll compilation finished in 69ms  source files re-parsed: 3 metadata reloaded: 0
 (0,0): [10/30/2018 10:23:00.317 AM] Unity.Jobs.dll: session status updated to IncrementalCompilationStatus.Finished for Caller PID: 7436
 (0,0): [10/30/2018 10:23:00.390 AM] Unity.Entities.dll: emitting IL to : /Users/armariya/Developer/grpc/cheirokmeta/examples/chatroom/client/Chatroom/Temp/Unity.Entities.dll
 (0,0): [10/30/2018 10:23:00.404 AM] Unity.Entities.dll compilation finished in 299ms  source files re-parsed: 58 metadata reloaded: 1
 (0,0): [10/30/2018 10:23:00.415 AM] Unity.Entities.dll: session status updated to IncrementalCompilationStatus.Finished for Caller PID: 7436
 (0,0): [10/30/2018 10:23:00.519 AM] Unity.Jobs.Editor.dll: no prior compilation found in cache. Caller PID: 7436
 (0,0): [10/30/2018 10:23:00.530 AM] Unity.Jobs.Editor.dll compiling...
 (0,0): [10/30/2018 10:23:00.559 AM] Unity.Jobs.Editor.dll: emitting IL to : /Users/armariya/Developer/grpc/cheirokmeta/examples/chatroom/client/Chatroom/Temp/Unity.Jobs.Editor.dll
 (0,0): [10/30/2018 10:23:00.572 AM] Unity.Jobs.Editor.dll compilation finished in 42ms  source files re-parsed: 1 metadata reloaded: 1
 (0,0): [10/30/2018 10:23:00.583 AM] Unity.Jobs.Editor.dll: session status updated to IncrementalCompilationStatus.Finished for Caller PID: 7436
 (0,0): [10/30/2018 10:23:00.598 AM] Unity.Entities.Hybrid.dll: no prior compilation found in cache. Caller PID: 7436
 (0,0): [10/30/2018 10:23:00.609 AM] Unity.Entities.Hybrid.dll compiling...
 (0,0): [10/30/2018 10:23:00.663 AM] Unity.Entities.Hybrid.dll: emitting IL to : /Users/armariya/Developer/grpc/cheirokmeta/examples/chatroom/client/Chatroom/Temp/Unity.Entities.Hybrid.dll
 (0,0): [10/30/2018 10:23:00.676 AM] Unity.Entities.Hybrid.dll compilation finished in 67ms  source files re-parsed: 12 metadata reloaded: 1
 (0,0): [10/30/2018 10:23:00.687 AM] Unity.Entities.Hybrid.dll: session status updated to IncrementalCompilationStatus.Finished for Caller PID: 7436
 (0,0): [10/30/2018 10:23:00.908 AM] Unity.Transforms.dll: no prior compilation found in cache. Caller PID: 7436
 (0,0): [10/30/2018 10:23:00.920 AM] Unity.Transforms.dll compiling...
 (0,0): [10/30/2018 10:23:01.011 AM] Unity.Transforms.dll: emitting IL to : /Users/armariya/Developer/grpc/cheirokmeta/examples/chatroom/client/Chatroom/Temp/Unity.Transforms.dll
 (0,0): [10/30/2018 10:23:01.026 AM] Unity.Transforms.dll compilation finished in 106ms  source files re-parsed: 9 metadata reloaded: 1
 (0,0): [10/30/2018 10:23:01.038 AM] Unity.Transforms.dll: session status updated to IncrementalCompilationStatus.Finished for Caller PID: 7436
 (0,0): [10/30/2018 10:23:01.219 AM] Unity.Rendering.Hybrid.dll: no prior compilation found in cache. Caller PID: 7436
 (0,0): [10/30/2018 10:23:01.230 AM] Unity.Rendering.Hybrid.dll compiling...
 (0,0): [10/30/2018 10:23:01.286 AM] Unity.Rendering.Hybrid.dll: emitting IL to : /Users/armariya/Developer/grpc/cheirokmeta/examples/chatroom/client/Chatroom/Temp/Unity.Rendering.Hybrid.dll
 (0,0): [10/30/2018 10:23:01.304 AM] Unity.Rendering.Hybrid.dll compilation finished in 74ms  source files re-parsed: 9 metadata reloaded: 1
 (0,0): [10/30/2018 10:23:01.315 AM] Unity.Rendering.Hybrid.dll: session status updated to IncrementalCompilationStatus.Finished for Caller PID: 7436
 (0,0): [10/30/2018 10:23:01.318 AM] Unity.Entities.Properties.dll: no prior compilation found in cache. Caller PID: 7436
 (0,0): [10/30/2018 10:23:01.329 AM] Unity.Entities.Properties.dll compiling...
 (0,0): [10/30/2018 10:23:01.387 AM] Unity.Entities.Properties.dll: emitting IL to : /Users/armariya/Developer/grpc/cheirokmeta/examples/chatroom/client/Chatroom/Temp/Unity.Entities.Properties.dll
 (0,0): [10/30/2018 10:23:01.399 AM] Unity.Entities.Properties.dll compilation finished in 70ms  source files re-parsed: 14 metadata reloaded: 0
 (0,0): [10/30/2018 10:23:01.410 AM] Unity.Entities.Properties.dll: session status updated to IncrementalCompilationStatus.Finished for Caller PID: 7436
 (0,0): [10/30/2018 10:23:01.412 AM] Unity.Transforms.Hybrid.dll: no prior compilation found in cache. Caller PID: 7436
 (0,0): [10/30/2018 10:23:01.424 AM] Unity.Transforms.Hybrid.dll compiling...
 (0,0): [10/30/2018 10:23:01.461 AM] Unity.Transforms.Hybrid.dll: emitting IL to : /Users/armariya/Developer/grpc/cheirokmeta/examples/chatroom/client/Chatroom/Temp/Unity.Transforms.Hybrid.dll
 (0,0): [10/30/2018 10:23:01.474 AM] Unity.Transforms.Hybrid.dll compilation finished in 50ms  source files re-parsed: 6 metadata reloaded: 0
 (0,0): [10/30/2018 10:23:01.485 AM] Unity.Transforms.Hybrid.dll: session status updated to IncrementalCompilationStatus.Finished for Caller PID: 7436
 (0,0): [10/30/2018 10:23:01.561 AM] Unity.Entities.Editor.dll: no prior compilation found in cache. Caller PID: 7436
 (0,0): [10/30/2018 10:23:01.572 AM] Unity.Entities.Editor.dll compiling...
 (0,0): [10/30/2018 10:23:01.676 AM] Unity.Entities.Editor.dll: emitting IL to : /Users/armariya/Developer/grpc/cheirokmeta/examples/chatroom/client/Chatroom/Temp/Unity.Entities.Editor.dll
 (0,0): [10/30/2018 10:23:01.691 AM] Unity.Entities.Editor.dll compilation finished in 119ms  source files re-parsed: 25 metadata reloaded: 1
 (0,0): [10/30/2018 10:23:01.701 AM] Unity.Entities.Editor.dll: session status updated to IncrementalCompilationStatus.Finished for Caller PID: 7436
 (0,0): [10/30/2018 10:23:01.868 AM] Unity.Transforms.Editor.dll: no prior compilation found in cache. Caller PID: 7436
 (0,0): [10/30/2018 10:23:01.880 AM] Unity.Transforms.Editor.dll compiling...
 (0,0): [10/30/2018 10:23:01.909 AM] Unity.Transforms.Editor.dll: emitting IL to : /Users/armariya/Developer/grpc/cheirokmeta/examples/chatroom/client/Chatroom/Temp/Unity.Transforms.Editor.dll
 (0,0): [10/30/2018 10:23:01.922 AM] Unity.Transforms.Editor.dll compilation finished in 42ms  source files re-parsed: 1 metadata reloaded: 2
 (0,0): [10/30/2018 10:23:01.933 AM] Unity.Transforms.Editor.dll: session status updated to IncrementalCompilationStatus.Finished for Caller PID: 7436
 (0,0): [10/30/2018 10:25:45.726 AM] Compiler cache size is now 24.30 MB
 (0,0): [10/30/2018 10:27:21.122 AM] watchdog triggered an exit
